<?xml version="1.0" encoding="UTF-8"?>
<!-- Generated by org.testng.reporters.JUnitReportReporter -->
<testsuite hostname="Lp-ANKUSH26" failures="0" tests="4" name="automationexerciseQS.DProductSearchAndFilter" time="23.820" errors="0" timestamp="2025-03-24T20:52:09 IST" skipped="0">
  <testcase classname="automationexerciseQS.DProductSearchAndFilter" name="productSearch" time="13.125"/>
  <testcase classname="automationexerciseQS.DProductSearchAndFilter" name="productDetailsPage" time="2.595"/>
  <testcase classname="automationexerciseQS.DProductSearchAndFilter" name="addToCartFromProductDetailsPage" time="3.254"/>
  <testcase classname="automationexerciseQS.DProductSearchAndFilter" name="addToCartFromHomePage" time="4.846"/>
</testsuite> <!-- automationexerciseQS.DProductSearchAndFilter -->
