<?xml version="1.0" encoding="UTF-8"?>
<!-- Generated by org.testng.reporters.JUnitReportReporter -->
<testsuite hostname="Lp-ANKUSH26" failures="0" tests="5" name="testNG_Attributes.Priority_Attributes" time="9.612" errors="0" timestamp="2025-05-13T15:45:46 IST" skipped="0">
  <testcase classname="testNG_Attributes.Priority_Attributes" name="InitialiseBrowser" time="9.173"/>
  <testcase classname="testNG_Attributes.Priority_Attributes" name="mobileNumber" time="0.119"/>
  <testcase classname="testNG_Attributes.Priority_Attributes" name="EnterLoginDetails" time="0.158"/>
  <testcase classname="testNG_Attributes.Priority_Attributes" name="password" time="0.091"/>
  <testcase classname="testNG_Attributes.Priority_Attributes" name="DropDown" time="0.071"/>
</testsuite> <!-- testNG_Attributes.Priority_Attributes -->
