<?xml version="1.0" encoding="UTF-8"?>
<!-- Generated by org.testng.reporters.JUnitReportReporter -->
<testsuite hostname="Lp-ANKUSH26" failures="0" tests="2" name="testNG_Grouping.Test_Suit3" time="0.009" errors="0" timestamp="2025-05-15T10:26:04 IST" skipped="0">
  <testcase classname="testNG_Grouping.Test_Suit3" name="Method5" time="0.008"/>
  <testcase classname="testNG_Grouping.Test_Suit3" name="Method6" time="0.001"/>
</testsuite> <!-- testNG_Grouping.Test_Suit3 -->
