<?xml version="1.0" encoding="UTF-8"?>
<!-- Generated by org.testng.reporters.JUnitReportReporter -->
<testsuite hostname="Lp-ANKUSH26" failures="0" tests="2" name="testNG_Annotations_Single_Class_Level.AnnotationDiscussion" time="0.028" errors="0" timestamp="2025-05-12T18:00:21 IST" skipped="0">
  <testcase classname="testNG_Annotations_Single_Class_Level.AnnotationDiscussion" name="testCase1" time="0.024"/>
  <testcase classname="testNG_Annotations_Single_Class_Level.AnnotationDiscussion" name="testCase2" time="0.004"/>
</testsuite> <!-- testNG_Annotations_Single_Class_Level.AnnotationDiscussion -->
