<?xml version="1.0" encoding="UTF-8"?>
<!-- Generated by org.testng.reporters.JUnitReportReporter -->
<testsuite hostname="Lp-ANKUSH26" failures="0" tests="1" name="Login_Module.TestClass" time="20.263" errors="0" timestamp="2025-09-18T11:26:22 IST" skipped="0">
  <testcase classname="Login_Module.TestClass" name="launchBrowser" time="20.263"/>
  <system-out/>
</testsuite> <!-- Login_Module.TestClass -->
