<?xml version="1.0" encoding="UTF-8"?>
<!-- Generated by org.testng.reporters.JUnitReportReporter -->
<testsuite hostname="Lp-ANKUSH26" failures="0" tests="5" name="automationexerciseQS.AHomePage" time="2.683" errors="0" timestamp="2025-03-24T22:51:24 IST" skipped="0">
  <testcase classname="automationexerciseQS.AHomePage" name="footerLinks" time="0.121"/>
  <testcase classname="automationexerciseQS.AHomePage" name="validatePageTitle" time="0.011"/>
  <testcase classname="automationexerciseQS.AHomePage" name="validateLogo" time="0.074"/>
  <testcase classname="automationexerciseQS.AHomePage" name="scrollingResponse" time="2.345"/>
  <testcase classname="automationexerciseQS.AHomePage" name="allNavigations" time="0.132"/>
</testsuite> <!-- automationexerciseQS.AHomePage -->
