<?xml version="1.0" encoding="UTF-8"?>
<!-- Generated by org.testng.reporters.JUnitReportReporter -->
<testsuite hostname="Lp-ANKUSH26" failures="0" tests="4" name="testNG_Attributes.Timeout_Attribute" time="5.019" errors="1" timestamp="2025-05-13T17:24:04 IST" skipped="1">
  <testcase classname="testNG_Attributes.Timeout_Attribute" name="titleCheck" time="5.015">
    <error message="Method testNG_Attributes.Timeout_Attribute.titleCheck() didn&#039;t finish within the time-out 5000" type="org.testng.internal.thread.ThreadTimeoutException">
      <![CDATA[org.testng.internal.thread.ThreadTimeoutException: Method testNG_Attributes.Timeout_Attribute.titleCheck() didn't finish within the time-out 5000
at java.base@17.0.10/java.lang.Thread.sleep(Native Method)
at app//testNG_Attributes.Timeout_Attribute.titleCheck(Timeout_Attribute.java:11)
at java.base@17.0.10/jdk.internal.reflect.NativeMethodAccessorImpl.invoke0(Native Method)
at java.base@17.0.10/jdk.internal.reflect.NativeMethodAccessorImpl.invoke(NativeMethodAccessorImpl.java:77)
at java.base@17.0.10/jdk.internal.reflect.DelegatingMethodAccessorImpl.invoke(DelegatingMethodAccessorImpl.java:43)
at java.base@17.0.10/java.lang.reflect.Method.invoke(Method.java:568)
at app//org.testng.internal.invokers.MethodInvocationHelper.invokeMethod(MethodInvocationHelper.java:139)
at app//org.testng.internal.invokers.InvokeMethodRunnable.runOne(InvokeMethodRunnable.java:47)
at app//org.testng.internal.invokers.InvokeMethodRunnable.call(InvokeMethodRunnable.java:76)
at app//org.testng.internal.invokers.InvokeMethodRunnable.call(InvokeMethodRunnable.java:11)
at java.base@17.0.10/java.util.concurrent.FutureTask.run(FutureTask.java:264)
at java.base@17.0.10/java.util.concurrent.ThreadPoolExecutor.runWorker(ThreadPoolExecutor.java:1136)
at java.base@17.0.10/java.util.concurrent.ThreadPoolExecutor$Worker.run(ThreadPoolExecutor.java:635)
at java.base@17.0.10/java.lang.Thread.run(Thread.java:840)
]]>
    </error>
  </testcase> <!-- titleCheck -->
  <testcase classname="testNG_Attributes.Timeout_Attribute" name="timeoutpriority" time="0.000">
    <skipped/>
  </testcase> <!-- timeoutpriority -->
  <testcase classname="testNG_Attributes.Timeout_Attribute" name="timeoutCheck" time="0.002"/>
  <testcase classname="testNG_Attributes.Timeout_Attribute" name="priorityCheck" time="0.002"/>
</testsuite> <!-- testNG_Attributes.Timeout_Attribute -->
