<?xml version="1.0" encoding="UTF-8"?>
<!-- Generated by org.testng.reporters.JUnitReportReporter -->
<testsuite hostname="Lp-ANKUSH26" failures="0" tests="2" name="automationexerciseQS.HomePage" time="0.048" errors="0" timestamp="2025-03-21T23:58:34 IST" skipped="0">
  <testcase classname="automationexerciseQS.HomePage" name="validatePageTitle" time="0.012"/>
  <testcase classname="automationexerciseQS.HomePage" name="validateLogo" time="0.036"/>
</testsuite> <!-- automationexerciseQS.HomePage -->
