<?xml version="1.0" encoding="UTF-8"?>
<!-- Generated by org.testng.reporters.JUnitReportReporter -->
<testsuite hostname="Lp-ANKUSH26" failures="0" tests="2" name="failtestcase_QS.FB_CreateAccount" time="2.762" errors="0" timestamp="2025-03-23T13:53:19 IST" skipped="0">
  <testcase classname="failtestcase_QS.FB_CreateAccount" name="testFunctionality" time="2.485"/>
  <testcase classname="failtestcase_QS.FB_CreateAccount" name="screenshot" time="0.277"/>
</testsuite> <!-- failtestcase_QS.FB_CreateAccount -->
