<?xml version="1.0" encoding="UTF-8"?>
<!-- Generated by org.testng.reporters.JUnitReportReporter -->
<testsuite hostname="Lp-ANKUSH26" failures="0" tests="3" name="testNG_Attributes.Enabled_Attribute" time="0.012" errors="0" timestamp="2025-05-13T15:56:29 IST" skipped="2">
  <testcase classname="testNG_Attributes.Enabled_Attribute" name="EnterLoginDetails" time="0.012"/>
  <testcase classname="testNG_Attributes.Enabled_Attribute" name="mobileNumber">
    <skipped/>
  </testcase> <!-- mobileNumber -->
  <testcase classname="testNG_Attributes.Enabled_Attribute" name="InitialiseBrowser">
    <skipped/>
  </testcase> <!-- InitialiseBrowser -->
</testsuite> <!-- testNG_Attributes.Enabled_Attribute -->
