<?xml version="1.0" encoding="UTF-8"?>
<!-- Generated by org.testng.reporters.JUnitReportReporter -->
<testsuite hostname="Lp-ANKUSH26" failures="0" tests="1" name="Urban_Ladder.BaseTest" time="2.890" errors="0" timestamp="2025-07-08T12:15:58 IST" skipped="0">
  <testcase classname="Urban_Ladder.BaseTest" name="testLogin" time="2.890"/>
  <system-out/>
</testsuite> <!-- Urban_Ladder.BaseTest -->
