<?xml version="1.0" encoding="UTF-8"?>
<!-- Generated by org.testng.reporters.JUnitReportReporter -->
<testsuite hostname="Lp-ANKUSH26" failures="0" tests="2" name="testNG_Annotations_Single_Class_Level.All_Annotations" time="0.017" errors="0" timestamp="2025-05-12T14:56:49 IST" skipped="0">
  <testcase classname="testNG_Annotations_Single_Class_Level.All_Annotations" name="test2" time="0.002"/>
  <testcase classname="testNG_Annotations_Single_Class_Level.All_Annotations" name="test1" time="0.015"/>
</testsuite> <!-- testNG_Annotations_Single_Class_Level.All_Annotations -->
