<?xml version="1.0" encoding="UTF-8"?>
<!-- Generated by org.testng.reporters.JUnitReportReporter -->
<testsuite hostname="Lp-ANKUSH26" failures="0" tests="1" name="PayTm.PayTMTest" time="0.009" errors="0" timestamp="2025-09-16T15:03:52 IST" skipped="0">
  <testcase classname="PayTm.PayTMTest" name="actions" time="0.009"/>
  <system-out/>
</testsuite> <!-- PayTm.PayTMTest -->
