<?xml version="1.0" encoding="UTF-8"?>
<!-- Generated by org.testng.reporters.JUnitReportReporter -->
<testsuite hostname="Lp-ANKUSH26" failures="0" tests="6" name="testNG_Attributes.DependsOn_Attribute" time="9.255" errors="0" timestamp="2025-05-19T10:16:01 IST" skipped="0">
  <testcase classname="testNG_Attributes.DependsOn_Attribute" name="InitialiseBrowser" time="7.830"/>
  <testcase classname="testNG_Attributes.DependsOn_Attribute" name="mobileNumber" time="0.152"/>
  <testcase classname="testNG_Attributes.DependsOn_Attribute" name="EnterLoginDetails" time="0.224"/>
  <testcase classname="testNG_Attributes.DependsOn_Attribute" name="password" time="0.110"/>
  <testcase classname="testNG_Attributes.DependsOn_Attribute" name="SignUP" time="0.127"/>
  <testcase classname="testNG_Attributes.DependsOn_Attribute" name="DropDown" time="0.812"/>
</testsuite> <!-- testNG_Attributes.DependsOn_Attribute -->
