<?xml version="1.0" encoding="UTF-8"?>
<!-- Generated by org.testng.reporters.JUnitReportReporter -->
<testsuite hostname="Lp-ANKUSH26" failures="0" tests="2" name="testNG_Annotations_Single_Class_Level.Functionality_With_Annotations2" time="16.288" errors="0" timestamp="2025-05-12T17:43:38 IST" skipped="0">
  <testcase classname="testNG_Annotations_Single_Class_Level.Functionality_With_Annotations2" name="EnterLoginDetails" time="10.019"/>
  <testcase classname="testNG_Annotations_Single_Class_Level.Functionality_With_Annotations2" name="DropDown" time="6.269"/>
</testsuite> <!-- testNG_Annotations_Single_Class_Level.Functionality_With_Annotations2 -->
