<?xml version="1.0" encoding="UTF-8"?>
<!-- Generated by org.testng.reporters.JUnitReportReporter -->
<testsuite hostname="Lp-ANKUSH26" failures="0" tests="1" name="page_object_model.LoginTest" time="4.649" errors="0" timestamp="2025-05-21T10:23:03 IST" skipped="0">
  <testcase classname="page_object_model.LoginTest" name="testLogin" time="4.649"/>
</testsuite> <!-- page_object_model.LoginTest -->
