<?xml version="1.0" encoding="UTF-8"?>
<!-- Generated by org.testng.reporters.JUnitReportReporter -->
<testsuite hostname="Lp-ANKUSH26" failures="0" tests="1" name="GrowAI.CSS_Selector" time="11.283" errors="0" timestamp="2025-08-31T13:36:59 IST" skipped="0">
  <testcase classname="GrowAI.CSS_Selector" name="test" time="11.283"/>
  <system-out/>
</testsuite> <!-- GrowAI.CSS_Selector -->
