<?xml version="1.0" encoding="UTF-8"?>
<!-- Generated by org.testng.reporters.JUnitReportReporter -->
<testsuite hostname="Lp-ANKUSH26" failures="0" tests="4" name="testNG_Grouping.Groups_Testcases" time="0.015" errors="0" timestamp="2025-05-21T12:25:11 IST" skipped="0">
  <testcase classname="testNG_Grouping.Groups_Testcases" name="testRegression2" time="0.001"/>
  <testcase classname="testNG_Grouping.Groups_Testcases" name="testSmoke1" time="0.001"/>
  <testcase classname="testNG_Grouping.Groups_Testcases" name="testNormal" time="0.011"/>
  <testcase classname="testNG_Grouping.Groups_Testcases" name="testRegression1" time="0.002"/>
</testsuite> <!-- testNG_Grouping.Groups_Testcases -->
