<?xml version="1.0" encoding="UTF-8"?>
<!-- Generated by org.testng.reporters.JUnitReportReporter -->
<testsuite hostname="Lp-ANKUSH26" failures="0" tests="1" name="page_object_model.LoginTest_With_Page_Factory" time="6.112" errors="0" timestamp="2025-05-21T11:21:18 IST" skipped="0">
  <testcase classname="page_object_model.LoginTest_With_Page_Factory" name="testLogin" time="6.112"/>
</testsuite> <!-- page_object_model.LoginTest_With_Page_Factory -->
