<?xml version="1.0" encoding="UTF-8"?>
<!-- Generated by org.testng.reporters.JUnitReportReporter -->
<testsuite hostname="Lp-ANKUSH26" failures="0" tests="2" name="failtestcase_QS.FB_Login" time="9.596" errors="0" timestamp="2025-03-21T16:56:10 IST" skipped="0">
  <testcase classname="failtestcase_QS.FB_Login" name="testFunctionality" time="0.488"/>
  <testcase classname="failtestcase_QS.FB_Login" name="screenshot" time="9.108"/>
</testsuite> <!-- failtestcase_QS.FB_Login -->
