<?xml version="1.0" encoding="UTF-8"?>
<!-- Generated by org.testng.reporters.JUnitReportReporter -->
<testsuite hostname="Lp-ANKUSH26" failures="0" tests="1" name="testNG_Assertions.Hard_Assert_OR_Assert" time="9.219" errors="0" timestamp="2025-05-14T10:57:07 IST" skipped="0">
  <testcase classname="testNG_Assertions.Hard_Assert_OR_Assert" name="testcase1" time="9.219"/>
</testsuite> <!-- testNG_Assertions.Hard_Assert_OR_Assert -->
