<?xml version="1.0" encoding="UTF-8"?>
<!-- Generated by org.testng.reporters.JUnitReportReporter -->
<testsuite hostname="Lp-ANKUSH26" failures="0" tests="3" name="allLocators.SevenLocators" time="7.222" errors="0" timestamp="2025-04-21T12:59:33 IST" skipped="0">
  <testcase classname="allLocators.SevenLocators" name="browserLaunching" time="6.290"/>
  <testcase classname="allLocators.SevenLocators" name="signUpByXpath" time="0.827"/>
  <testcase classname="allLocators.SevenLocators" name="emailByName" time="0.105"/>
</testsuite> <!-- allLocators.SevenLocators -->
