<?xml version="1.0" encoding="UTF-8"?>
<!-- Generated by org.testng.reporters.JUnitReportReporter -->
<testsuite hostname="Lp-ANKUSH26" failures="0" tests="1" name="testNG_Annotations_Single_Class_Level.Annotations2" time="0.009" errors="0" timestamp="2025-05-12T16:33:29 IST" skipped="0">
  <testcase classname="testNG_Annotations_Single_Class_Level.Annotations2" name="testCase3" time="0.009"/>
</testsuite> <!-- testNG_Annotations_Single_Class_Level.Annotations2 -->
