<?xml version="1.0" encoding="UTF-8"?>
<!-- Generated by org.testng.reporters.JUnitReportReporter -->
<testsuite hostname="Lp-ANKUSH26" failures="0" tests="1" name="shopsy_live.Test_Class" time="15.671" errors="0" timestamp="2025-06-06T09:18:24 IST" skipped="0">
  <testcase classname="shopsy_live.Test_Class" name="testActions" time="15.671"/>
</testsuite> <!-- shopsy_live.Test_Class -->
