<?xml version="1.0" encoding="UTF-8"?>
<!-- Generated by org.testng.reporters.JUnitReportReporter -->
<testsuite hostname="Lp-ANKUSH26" failures="0" tests="2" name="testNG_Attributes.Parameter_Attribute" time="4.532" errors="0" timestamp="2025-05-21T13:05:43 IST" skipped="0">
  <testcase classname="testNG_Attributes.Parameter_Attribute" name="InitialiseBrowser" time="4.361"/>
  <testcase classname="testNG_Attributes.Parameter_Attribute" name="loginTest" time="0.171"/>
</testsuite> <!-- testNG_Attributes.Parameter_Attribute -->
