<?xml version="1.0" encoding="UTF-8"?>
<!-- Generated by org.testng.reporters.JUnitReportReporter -->
<testsuite hostname="Lp-ANKUSH26" failures="0" tests="4" name="testNG_Grouping.Test_Suit2" time="0.003" errors="0" timestamp="2025-05-15T18:20:33 IST" skipped="0">
  <testcase classname="testNG_Grouping.Test_Suit2" name="Method3" time="0.000"/>
  <testcase classname="testNG_Grouping.Test_Suit2" name="Method4" time="0.000"/>
  <testcase classname="testNG_Grouping.Test_Suit2" name="Method3" time="0.000"/>
  <testcase classname="testNG_Grouping.Test_Suit2" name="Method4" time="0.003"/>
</testsuite> <!-- testNG_Grouping.Test_Suit2 -->
