<?xml version="1.0" encoding="UTF-8"?>
<!-- Generated by org.testng.reporters.JUnitReportReporter -->
<testsuite hostname="Lp-ANKUSH26" failures="0" tests="2" name="testNG_Annotations_Multi_Class_Level.All_Annotations2" time="0.010" errors="0" timestamp="2025-05-12T18:47:30 IST" skipped="0">
  <testcase classname="testNG_Annotations_Multi_Class_Level.All_Annotations2" name="xyz" time="0.002"/>
  <testcase classname="testNG_Annotations_Multi_Class_Level.All_Annotations2" name="xyz" time="0.008"/>
</testsuite> <!-- testNG_Annotations_Multi_Class_Level.All_Annotations2 -->
