<?xml version="1.0" encoding="UTF-8"?>
<!-- Generated by org.testng.reporters.JUnitReportReporter -->
<testsuite hostname="Lp-ANKUSH26" failures="0" tests="1" name="testNG_Listeners_And_Extent_Reports.ExtentReportManager2" time="0.637" errors="0" timestamp="2025-05-19T15:16:03 IST" skipped="0">
  <testcase classname="testNG_Listeners_And_Extent_Reports.ExtentReportManager2" name="method1" time="0.637"/>
</testsuite> <!-- testNG_Listeners_And_Extent_Reports.ExtentReportManager2 -->
