<?xml version="1.0" encoding="UTF-8"?>
<!-- Generated by org.testng.reporters.JUnitReportReporter -->
<testsuite hostname="Lp-ANKUSH26" failures="0" tests="1" name="Login_Module.TestClass" time="1.314" errors="0" timestamp="2025-09-18T16:55:35 IST" skipped="0">
  <testcase classname="Login_Module.TestClass" name="testFunctionalities" time="1.314"/>
  <system-out/>
</testsuite> <!-- Login_Module.TestClass -->
