<?xml version="1.0" encoding="UTF-8"?>
<!-- Generated by org.testng.reporters.JUnitReportReporter -->
<testsuite hostname="Lp-ANKUSH26" failures="0" tests="1" name="testNG_Annotations_Multi_Class_Level.All_Annotation1" time="0.009" errors="0" timestamp="2025-05-19T10:02:50 IST" skipped="0">
  <testcase classname="testNG_Annotations_Multi_Class_Level.All_Annotation1" name="abc" time="0.009"/>
</testsuite> <!-- testNG_Annotations_Multi_Class_Level.All_Annotation1 -->
