<?xml version="1.0" encoding="UTF-8"?>
<!-- Generated by org.testng.reporters.JUnitReportReporter -->
<testsuite hostname="Lp-ANKUSH26" failures="0" tests="1" name="parasoft.Test_Class" time="34.801" errors="0" timestamp="2025-09-05T10:54:34 IST" skipped="0">
  <testcase classname="parasoft.Test_Class" name="launchBrowser" time="34.801"/>
  <system-out/>
</testsuite> <!-- parasoft.Test_Class -->
