<?xml version="1.0" encoding="UTF-8"?>
<!-- Generated by org.testng.reporters.JUnitReportReporter -->
<testsuite hostname="Lp-ANKUSH26" failures="0" tests="2" name="testNG_Assertions.AssertionsDisc" time="18.111" errors="0" timestamp="2025-05-19T10:03:41 IST" skipped="0">
  <testcase classname="testNG_Assertions.AssertionsDisc" name="validateTitle" time="13.655"/>
  <testcase classname="testNG_Assertions.AssertionsDisc" name="validateText" time="4.456"/>
</testsuite> <!-- testNG_Assertions.AssertionsDisc -->
