<?xml version="1.0" encoding="UTF-8"?>
<!-- Generated by org.testng.reporters.JUnitReportReporter -->
<testsuite hostname="Lp-ANKUSH26" failures="0" tests="4" name="testNG_Grouping.Class1" time="0.016" errors="0" timestamp="2025-05-15T14:33:21 IST" skipped="0">
  <testcase classname="testNG_Grouping.Class1" name="group1TestCase3" time="0.002"/>
  <testcase classname="testNG_Grouping.Class1" name="group1TestCase1" time="0.010"/>
  <testcase classname="testNG_Grouping.Class1" name="group1TestCase2" time="0.002"/>
  <testcase classname="testNG_Grouping.Class1" name="group1TestCase4" time="0.002"/>
</testsuite> <!-- testNG_Grouping.Class1 -->
