<?xml version="1.0" encoding="UTF-8"?>
<!-- Generated by org.testng.reporters.JUnitReportReporter -->
<testsuite hostname="Lp-ANKUSH26" failures="0" tests="4" name="testNG_Grouping.Test_Suit1" time="0.015" errors="0" timestamp="2025-05-15T18:20:33 IST" skipped="0">
  <testcase classname="testNG_Grouping.Test_Suit1" name="Method2" time="0.002"/>
  <testcase classname="testNG_Grouping.Test_Suit1" name="Method1" time="0.001"/>
  <testcase classname="testNG_Grouping.Test_Suit1" name="Method1" time="0.010"/>
  <testcase classname="testNG_Grouping.Test_Suit1" name="Method2" time="0.002"/>
</testsuite> <!-- testNG_Grouping.Test_Suit1 -->
