<?xml version="1.0" encoding="UTF-8"?>
<!-- Generated by org.testng.reporters.JUnitReportReporter -->
<testsuite hostname="Lp-ANKUSH26" failures="0" tests="4" name="testNG_Grouping.Include_Exclude" time="0.020" errors="0" timestamp="2025-05-16T10:34:43 IST" skipped="0">
  <testcase classname="testNG_Grouping.Include_Exclude" name="emailAddress" time="0.003"/>
  <testcase classname="testNG_Grouping.Include_Exclude" name="userName" time="0.002"/>
  <testcase classname="testNG_Grouping.Include_Exclude" name="mobileNumber" time="0.002"/>
  <testcase classname="testNG_Grouping.Include_Exclude" name="age" time="0.013"/>
</testsuite> <!-- testNG_Grouping.Include_Exclude -->
