<?xml version="1.0" encoding="UTF-8"?>
<!-- Generated by org.testng.reporters.JUnitReportReporter -->
<testsuite hostname="Lp-ANKUSH26" failures="0" tests="3" name="allLocators.BrowserLaunching" time="25.336" errors="0" timestamp="2025-04-21T12:30:36 IST" skipped="0">
  <testcase classname="allLocators.BrowserLaunching" name="chomeDriver" time="7.036"/>
  <testcase classname="allLocators.BrowserLaunching" name="edgeBrowser" time="7.969"/>
  <testcase classname="allLocators.BrowserLaunching" name="fireFoxBrowser" time="10.331"/>
</testsuite> <!-- allLocators.BrowserLaunching -->
