<?xml version="1.0" encoding="UTF-8"?>
<!-- Generated by org.testng.reporters.JUnitReportReporter -->
<testsuite hostname="Lp-ANKUSH26" failures="0" tests="1" name="testNG_Attributes.Parameter_Attribute_With_PageFactory2" time="0.320" errors="0" timestamp="2025-05-21T18:09:04 IST" skipped="0">
  <testcase classname="testNG_Attributes.Parameter_Attribute_With_PageFactory2" name="loginToFacebook" time="0.320"/>
</testsuite> <!-- testNG_Attributes.Parameter_Attribute_With_PageFactory2 -->
